<?xml version="1.0" encoding="UTF-8"?>
<!-- Generated by org.testng.reporters.JUnitReportReporter -->
<testsuite hostname="LAPTOP-5I4OT1J3" failures="0" tests="1" name="testngprgm.mousehower" time="16.154" errors="0" timestamp="2023-09-21T09:25:19 IST" skipped="0">
  <testcase classname="testngprgm.mousehower" name="test" time="16.154"/>
  <system-out/>
</testsuite> <!-- testngprgm.mousehower -->
