<?xml version="1.0" encoding="UTF-8"?>
<!-- Generated by org.testng.reporters.JUnitReportReporter -->
<testsuite hostname="LAPTOP-5I4OT1J3" failures="0" tests="1" name="test.saucelogintest" time="17.409" errors="0" timestamp="2023-10-02T11:28:11 IST" skipped="0">
  <testcase classname="test.saucelogintest" name="test" time="17.409"/>
  <system-out/>
</testsuite> <!-- test.saucelogintest -->
