<?xml version="1.0" encoding="UTF-8"?>
<!-- Generated by org.testng.reporters.JUnitReportReporter -->
<testsuite hostname="LAPTOP-5I4OT1J3" failures="0" tests="1" name="testngprgm.Fbparameter" time="6.175" errors="0" timestamp="2023-09-18T10:16:33 IST" skipped="0">
  <testcase classname="testngprgm.Fbparameter" name="test" time="6.175"/>
  <system-out/>
</testsuite> <!-- testngprgm.Fbparameter -->
