<?xml version="1.0" encoding="UTF-8"?>
<!-- Generated by org.testng.reporters.JUnitReportReporter -->
<testsuite hostname="LAPTOP-5I4OT1J3" failures="0" tests="1" name="testngprgm.Parameter" time="0.018" errors="0" timestamp="2023-09-18T09:35:16 IST" skipped="0">
  <testcase classname="testngprgm.Parameter" name="test" time="0.018"/>
  <system-out/>
</testsuite> <!-- testngprgm.Parameter -->
