<?xml version="1.0" encoding="UTF-8"?>
<!-- Generated by org.testng.reporters.JUnitReportReporter -->
<testsuite hostname="LAPTOP-5I4OT1J3" failures="0" tests="1" name="testngprgm.Guru99" time="12.986" errors="0" timestamp="2023-09-20T10:39:52 IST" skipped="0">
  <testcase classname="testngprgm.Guru99" name="test" time="12.986"/>
  <system-out/>
</testsuite> <!-- testngprgm.Guru99 -->
