<?xml version="1.0" encoding="UTF-8"?>
<!-- Generated by org.testng.reporters.JUnitReportReporter -->
<testsuite hostname="LAPTOP-5I4OT1J3" failures="0" tests="1" name="testngprgm.DragandDrop" time="22.102" errors="0" timestamp="2023-09-21T10:43:47 IST" skipped="0">
  <testcase classname="testngprgm.DragandDrop" name="test" time="22.102"/>
  <system-out/>
</testsuite> <!-- testngprgm.DragandDrop -->
