<?xml version="1.0" encoding="UTF-8"?>
<!-- Generated by org.testng.reporters.JUnitReportReporter -->
<testsuite hostname="LAPTOP-5I4OT1J3" failures="0" tests="1" name="testngprgm.saucedemo" time="0.687" errors="0" timestamp="2023-09-28T09:50:58 IST" skipped="0">
  <testcase classname="testngprgm.saucedemo" name="test" time="0.687"/>
  <system-out/>
</testsuite> <!-- testngprgm.saucedemo -->
