<?xml version="1.0" encoding="UTF-8"?>
<!-- Generated by org.testng.reporters.JUnitReportReporter -->
<testsuite hostname="LAPTOP-5I4OT1J3" failures="0" tests="1" name="testngprgm.Robotclassfileupload" time="6.082" errors="0" timestamp="2023-09-22T10:30:28 IST" skipped="0">
  <testcase classname="testngprgm.Robotclassfileupload" name="test" time="6.082"/>
  <system-out/>
</testsuite> <!-- testngprgm.Robotclassfileupload -->
