<?xml version="1.0" encoding="UTF-8"?>
<!-- Generated by org.testng.reporters.JUnitReportReporter -->
<testsuite hostname="LAPTOP-5I4OT1J3" failures="0" tests="1" name="testngprgm.Scrolldown" time="18.195" errors="0" timestamp="2023-09-29T09:42:24 IST" skipped="0">
  <testcase classname="testngprgm.Scrolldown" name="test" time="18.195"/>
  <system-out/>
</testsuite> <!-- testngprgm.Scrolldown -->
