<?xml version="1.0" encoding="UTF-8"?>
<!-- Generated by org.testng.reporters.JUnitReportReporter -->
<testsuite hostname="LAPTOP-5I4OT1J3" failures="0" tests="1" name="testngprgm.chromeoptions" time="38.080" errors="0" timestamp="2023-09-28T10:08:44 IST" skipped="0">
  <testcase classname="testngprgm.chromeoptions" name="test" time="38.080"/>
  <system-out/>
</testsuite> <!-- testngprgm.chromeoptions -->
