<?xml version="1.0" encoding="UTF-8"?>
<!-- Generated by org.testng.reporters.JUnitReportReporter -->
<testsuite hostname="LAPTOP-5I4OT1J3" failures="0" tests="1" name="test.fblogintest" time="8.076" errors="0" timestamp="2023-09-29T10:14:55 IST" skipped="0">
  <testcase classname="test.fblogintest" name="test" time="8.076"/>
  <system-out/>
</testsuite> <!-- test.fblogintest -->
