<?xml version="1.0" encoding="UTF-8"?>
<!-- Generated by org.testng.reporters.JUnitReportReporter -->
<testsuite hostname="LAPTOP-5I4OT1J3" failures="0" tests="2" name="testngprgm.Grouping" time="0.031" errors="0" timestamp="2023-09-16T11:13:46 IST" skipped="0">
  <testcase classname="testngprgm.Grouping" name="test1" time="0.024"/>
  <system-out/>
  <testcase classname="testngprgm.Grouping" name="test3" time="0.007"/>
  <system-out/>
</testsuite> <!-- testngprgm.Grouping -->
