<?xml version="1.0" encoding="UTF-8"?>
<!-- Generated by org.testng.reporters.JUnitReportReporter -->
<testsuite hostname="LAPTOP-5I4OT1J3" failures="0" tests="2" name="testngprgm.Buttonenable" time="7.564" errors="0" timestamp="2023-09-18T11:00:00 IST" skipped="0">
  <testcase classname="testngprgm.Buttonenable" name="test" time="1.587"/>
  <system-out/>
  <testcase classname="testngprgm.Buttonenable" name="test1" time="5.977"/>
  <system-out/>
</testsuite> <!-- testngprgm.Buttonenable -->
