<?xml version="1.0" encoding="UTF-8"?>
<!-- Generated by org.testng.reporters.JUnitReportReporter -->
<testsuite hostname="LAPTOP-5I4OT1J3" failures="0" tests="1" name="testngprgm.Keyboardaction" time="7.471" errors="0" timestamp="2023-09-20T09:54:34 IST" skipped="0">
  <testcase classname="testngprgm.Keyboardaction" name="test" time="7.471"/>
  <system-out/>
</testsuite> <!-- testngprgm.Keyboardaction -->
