<?xml version="1.0" encoding="UTF-8"?>
<!-- Generated by org.testng.reporters.JUnitReportReporter -->
<testsuite hostname="LAPTOP-5I4OT1J3" failures="0" tests="4" name="testngprgm.Testngdemo" time="0.045" errors="0" timestamp="2023-09-16T10:48:38 IST" skipped="1">
  <testcase classname="testngprgm.Testngdemo" name="test2" time="0.010"/>
  <system-out/>
  <testcase classname="testngprgm.Testngdemo" name="test2" time="0.011"/>
  <system-out/>
  <testcase classname="testngprgm.Testngdemo" name="test2" time="0.024"/>
  <system-out/>
  <testcase classname="testngprgm.Testngdemo" name="test1">
    <skipped/>
  </testcase> <!-- test1 -->
  <system-out/>
</testsuite> <!-- testngprgm.Testngdemo -->
