<?xml version="1.0" encoding="UTF-8"?>
<!-- Generated by org.testng.reporters.JUnitReportReporter -->
<testsuite hostname="LAPTOP-5I4OT1J3" failures="0" tests="1" name="testngprgm.Pageshifting" time="27.909" errors="0" timestamp="2023-09-25T10:19:54 IST" skipped="0">
  <testcase classname="testngprgm.Pageshifting" name="test" time="27.909"/>
  <system-out/>
</testsuite> <!-- testngprgm.Pageshifting -->
