<?xml version="1.0" encoding="UTF-8"?>
<!-- Generated by org.testng.reporters.JUnitReportReporter -->
<testsuite hostname="LAPTOP-5I4OT1J3" failures="0" tests="1" name="testngprgm.Amazoneee" time="107.291" errors="0" timestamp="2023-09-26T20:01:26 IST" skipped="0">
  <testcase classname="testngprgm.Amazoneee" name="test" time="107.291"/>
  <system-out/>
</testsuite> <!-- testngprgm.Amazoneee -->
