<?xml version="1.0" encoding="UTF-8"?>
<!-- Generated by org.testng.reporters.JUnitReportReporter -->
<testsuite hostname="LAPTOP-5I4OT1J3" failures="0" tests="1" name="testngprgm.implicitwait" time="17.343" errors="0" timestamp="2023-09-21T09:54:23 IST" skipped="0">
  <testcase classname="testngprgm.implicitwait" name="test" time="17.343"/>
  <system-out/>
</testsuite> <!-- testngprgm.implicitwait -->
