<?xml version="1.0" encoding="UTF-8"?>
<!-- Generated by org.testng.reporters.JUnitReportReporter -->
<testsuite hostname="LAPTOP-5I4OT1J3" failures="0" tests="4" name="testngprgm.Ebay" time="17.833" errors="0" timestamp="2023-09-19T10:54:21 IST" skipped="0">
  <testcase classname="testngprgm.Ebay" name="test3" time="6.174"/>
  <system-out/>
  <testcase classname="testngprgm.Ebay" name="test1" time="4.775"/>
  <system-out/>
  <testcase classname="testngprgm.Ebay" name="test2" time="2.176"/>
  <system-out/>
  <testcase classname="testngprgm.Ebay" name="test4" time="4.708"/>
  <system-out/>
</testsuite> <!-- testngprgm.Ebay -->
