<?xml version="1.0" encoding="UTF-8"?>
<!-- Generated by org.testng.reporters.JUnitReportReporter -->
<testsuite hostname="LAPTOP-5I4OT1J3" failures="0" tests="1" name="test.fbcreatepagetest" time="1.436" errors="0" timestamp="2023-09-29T10:42:01 IST" skipped="0">
  <testcase classname="test.fbcreatepagetest" name="test" time="1.436"/>
  <system-out/>
</testsuite> <!-- test.fbcreatepagetest -->
